{"/home/abie/Downloads/Question/testing/testing-api/app.js": {"path":"/home/abie/Downloads/Question/testing/testing-api/app.js","statementMap":{"0":{"start":{"line":1,"column":17},"end":{"line":1,"column":36}},"1":{"start":{"line":2,"column":15},"end":{"line":2,"column":32}},"2":{"start":{"line":3,"column":20},"end":{"line":3,"column":42}},"3":{"start":{"line":4,"column":16},"end":{"line":4,"column":34}},"4":{"start":{"line":5,"column":13},"end":{"line":5,"column":28}},"5":{"start":{"line":6,"column":21},"end":{"line":6,"column":45}},"6":{"start":{"line":7,"column":15},"end":{"line":7,"column":32}},"7":{"start":{"line":9,"column":20},"end":{"line":9,"column":45}},"8":{"start":{"line":10,"column":20},"end":{"line":10,"column":45}},"9":{"start":{"line":11,"column":19},"end":{"line":11,"column":43}},"10":{"start":{"line":12,"column":24},"end":{"line":12,"column":53}},"11":{"start":{"line":15,"column":0},"end":{"line":17,"column":3}},"12":{"start":{"line":19,"column":12},"end":{"line":19,"column":21}},"13":{"start":{"line":22,"column":13},"end":{"line":22,"column":28}},"14":{"start":{"line":23,"column":0},"end":{"line":23,"column":16}},"15":{"start":{"line":26,"column":0},"end":{"line":34,"column":5}},"16":{"start":{"line":31,"column":14},"end":{"line":31,"column":54}},"17":{"start":{"line":33,"column":4},"end":{"line":33,"column":21}},"18":{"start":{"line":37,"column":0},"end":{"line":37,"column":48}},"19":{"start":{"line":38,"column":0},"end":{"line":38,"column":31}},"20":{"start":{"line":40,"column":0},"end":{"line":40,"column":23}},"21":{"start":{"line":41,"column":0},"end":{"line":41,"column":24}},"22":{"start":{"line":59,"column":0},"end":{"line":59,"column":24}},"23":{"start":{"line":60,"column":0},"end":{"line":60,"column":56}},"24":{"start":{"line":62,"column":0},"end":{"line":62,"column":26}},"25":{"start":{"line":63,"column":0},"end":{"line":63,"column":31}},"26":{"start":{"line":64,"column":0},"end":{"line":64,"column":39}},"27":{"start":{"line":65,"column":0},"end":{"line":65,"column":29}},"28":{"start":{"line":68,"column":0},"end":{"line":70,"column":3}},"29":{"start":{"line":69,"column":2},"end":{"line":69,"column":25}},"30":{"start":{"line":73,"column":0},"end":{"line":81,"column":3}},"31":{"start":{"line":75,"column":2},"end":{"line":75,"column":35}},"32":{"start":{"line":76,"column":2},"end":{"line":76,"column":61}},"33":{"start":{"line":79,"column":2},"end":{"line":79,"column":32}},"34":{"start":{"line":80,"column":2},"end":{"line":80,"column":22}},"35":{"start":{"line":83,"column":0},"end":{"line":83,"column":34}},"36":{"start":{"line":84,"column":13},"end":{"line":84,"column":37}},"37":{"start":{"line":86,"column":0},"end":{"line":90,"column":1}},"38":{"start":{"line":87,"column":2},"end":{"line":89,"column":5}},"39":{"start":{"line":88,"column":4},"end":{"line":88,"column":50}},"40":{"start":{"line":92,"column":0},"end":{"line":92,"column":21}}},"fnMap":{"0":{"name":"(anonymous_0)","decl":{"start":{"line":31,"column":8},"end":{"line":31,"column":9}},"loc":{"start":{"line":31,"column":14},"end":{"line":31,"column":54}},"line":31},"1":{"name":"(anonymous_1)","decl":{"start":{"line":32,"column":9},"end":{"line":32,"column":10}},"loc":{"start":{"line":32,"column":18},"end":{"line":34,"column":3}},"line":32},"2":{"name":"(anonymous_2)","decl":{"start":{"line":68,"column":8},"end":{"line":68,"column":9}},"loc":{"start":{"line":68,"column":34},"end":{"line":70,"column":1}},"line":68},"3":{"name":"(anonymous_3)","decl":{"start":{"line":73,"column":8},"end":{"line":73,"column":9}},"loc":{"start":{"line":73,"column":39},"end":{"line":81,"column":1}},"line":73},"4":{"name":"(anonymous_4)","decl":{"start":{"line":87,"column":19},"end":{"line":87,"column":20}},"loc":{"start":{"line":87,"column":25},"end":{"line":89,"column":3}},"line":87}},"branchMap":{"0":{"loc":{"start":{"line":76,"column":21},"end":{"line":76,"column":60}},"type":"cond-expr","locations":[{"start":{"line":76,"column":52},"end":{"line":76,"column":55}},{"start":{"line":76,"column":58},"end":{"line":76,"column":60}}],"line":76},"1":{"loc":{"start":{"line":79,"column":13},"end":{"line":79,"column":30}},"type":"binary-expr","locations":[{"start":{"line":79,"column":13},"end":{"line":79,"column":23}},{"start":{"line":79,"column":27},"end":{"line":79,"column":30}}],"line":79},"2":{"loc":{"start":{"line":84,"column":13},"end":{"line":84,"column":37}},"type":"binary-expr","locations":[{"start":{"line":84,"column":13},"end":{"line":84,"column":17}},{"start":{"line":84,"column":21},"end":{"line":84,"column":37}}],"line":84},"3":{"loc":{"start":{"line":86,"column":0},"end":{"line":90,"column":1}},"type":"if","locations":[{"start":{"line":86,"column":0},"end":{"line":90,"column":1}},{"start":{},"end":{}}],"line":86}},"s":{"0":3,"1":3,"2":3,"3":3,"4":3,"5":3,"6":3,"7":3,"8":3,"9":3,"10":3,"11":3,"12":3,"13":3,"14":3,"15":3,"16":3,"17":0,"18":3,"19":3,"20":3,"21":3,"22":3,"23":3,"24":3,"25":3,"26":3,"27":3,"28":3,"29":0,"30":3,"31":0,"32":0,"33":0,"34":0,"35":3,"36":3,"37":3,"38":0,"39":0,"40":3},"f":{"0":3,"1":0,"2":0,"3":0,"4":0},"b":{"0":[0,0],"1":[0,0],"2":[3,0],"3":[0,3]},"_coverageSchema":"1a1c01bbd47fc00a2c39e90264f33305004495a9","hash":"9a1cc19bfe6d87b7365cb4e82ed68e087f07944d"}
,"/home/abie/Downloads/Question/testing/testing-api/models/Customer.js": {"path":"/home/abie/Downloads/Question/testing/testing-api/models/Customer.js","statementMap":{"0":{"start":{"line":1,"column":17},"end":{"line":1,"column":36}},"1":{"start":{"line":3,"column":23},"end":{"line":54,"column":1}},"2":{"start":{"line":56,"column":0},"end":{"line":56,"column":60}}},"fnMap":{},"branchMap":{},"s":{"0":3,"1":3,"2":3},"f":{},"b":{},"_coverageSchema":"1a1c01bbd47fc00a2c39e90264f33305004495a9","hash":"ce9799ec6fc78a57c2b37a799abd2d70d6371d60"}
,"/home/abie/Downloads/Question/testing/testing-api/models/User.js": {"path":"/home/abie/Downloads/Question/testing/testing-api/models/User.js","statementMap":{"0":{"start":{"line":1,"column":17},"end":{"line":1,"column":36}},"1":{"start":{"line":3,"column":19},"end":{"line":47,"column":1}},"2":{"start":{"line":49,"column":0},"end":{"line":49,"column":52}}},"fnMap":{},"branchMap":{},"s":{"0":3,"1":3,"2":3},"f":{},"b":{},"_coverageSchema":"1a1c01bbd47fc00a2c39e90264f33305004495a9","hash":"b3bcb0ef92efa50b7994deda569dfc584f160d1b"}
,"/home/abie/Downloads/Question/testing/testing-api/routes/auth.js": {"path":"/home/abie/Downloads/Question/testing/testing-api/routes/auth.js","statementMap":{"0":{"start":{"line":1,"column":15},"end":{"line":1,"column":42}},"1":{"start":{"line":2,"column":13},"end":{"line":2,"column":38}},"2":{"start":{"line":3,"column":17},"end":{"line":3,"column":37}},"3":{"start":{"line":4,"column":12},"end":{"line":4,"column":35}},"4":{"start":{"line":7,"column":0},"end":{"line":32,"column":3}},"5":{"start":{"line":8,"column":2},"end":{"line":10,"column":3}},"6":{"start":{"line":9,"column":4},"end":{"line":9,"column":65}},"7":{"start":{"line":12,"column":18},"end":{"line":24,"column":4}},"8":{"start":{"line":26,"column":2},"end":{"line":31,"column":3}},"9":{"start":{"line":27,"column":22},"end":{"line":27,"column":42}},"10":{"start":{"line":28,"column":4},"end":{"line":28,"column":43}},"11":{"start":{"line":30,"column":4},"end":{"line":30,"column":37}},"12":{"start":{"line":36,"column":0},"end":{"line":69,"column":3}},"13":{"start":{"line":37,"column":2},"end":{"line":68,"column":3}},"14":{"start":{"line":38,"column":17},"end":{"line":38,"column":68}},"15":{"start":{"line":40,"column":4},"end":{"line":42,"column":5}},"16":{"start":{"line":41,"column":6},"end":{"line":41,"column":53}},"17":{"start":{"line":44,"column":27},"end":{"line":47,"column":5}},"18":{"start":{"line":48,"column":29},"end":{"line":48,"column":71}},"19":{"start":{"line":50,"column":4},"end":{"line":52,"column":5}},"20":{"start":{"line":51,"column":6},"end":{"line":51,"column":56}},"21":{"start":{"line":54,"column":24},"end":{"line":61,"column":5}},"22":{"start":{"line":63,"column":36},"end":{"line":63,"column":45}},"23":{"start":{"line":65,"column":4},"end":{"line":65,"column":60}},"24":{"start":{"line":67,"column":4},"end":{"line":67,"column":45}},"25":{"start":{"line":71,"column":0},"end":{"line":71,"column":24}}},"fnMap":{"0":{"name":"(anonymous_0)","decl":{"start":{"line":7,"column":25},"end":{"line":7,"column":26}},"loc":{"start":{"line":7,"column":45},"end":{"line":32,"column":1}},"line":7},"1":{"name":"(anonymous_1)","decl":{"start":{"line":36,"column":22},"end":{"line":36,"column":23}},"loc":{"start":{"line":36,"column":42},"end":{"line":69,"column":1}},"line":36}},"branchMap":{"0":{"loc":{"start":{"line":8,"column":2},"end":{"line":10,"column":3}},"type":"if","locations":[{"start":{"line":8,"column":2},"end":{"line":10,"column":3}},{"start":{},"end":{}}],"line":8},"1":{"loc":{"start":{"line":40,"column":4},"end":{"line":42,"column":5}},"type":"if","locations":[{"start":{"line":40,"column":4},"end":{"line":42,"column":5}},{"start":{},"end":{}}],"line":40},"2":{"loc":{"start":{"line":50,"column":4},"end":{"line":52,"column":5}},"type":"if","locations":[{"start":{"line":50,"column":4},"end":{"line":52,"column":5}},{"start":{},"end":{}}],"line":50}},"s":{"0":3,"1":3,"2":3,"3":3,"4":3,"5":3,"6":0,"7":3,"8":3,"9":3,"10":2,"11":1,"12":3,"13":5,"14":5,"15":5,"16":0,"17":5,"18":5,"19":5,"20":1,"21":4,"22":4,"23":4,"24":0,"25":3},"f":{"0":3,"1":5},"b":{"0":[0,3],"1":[0,5],"2":[1,4]},"_coverageSchema":"1a1c01bbd47fc00a2c39e90264f33305004495a9","hash":"a0d05a43b3ab902264429e6e2fe9d0cc33c162ac"}
,"/home/abie/Downloads/Question/testing/testing-api/routes/customers.js": {"path":"/home/abie/Downloads/Question/testing/testing-api/routes/customers.js","statementMap":{"0":{"start":{"line":1,"column":17},"end":{"line":1,"column":46}},"1":{"start":{"line":6,"column":4},"end":{"line":6,"column":28}},"2":{"start":{"line":8,"column":15},"end":{"line":8,"column":42}},"3":{"start":{"line":12,"column":0},"end":{"line":32,"column":3}},"4":{"start":{"line":13,"column":22},"end":{"line":24,"column":4}},"5":{"start":{"line":26,"column":2},"end":{"line":31,"column":3}},"6":{"start":{"line":27,"column":26},"end":{"line":27,"column":50}},"7":{"start":{"line":28,"column":4},"end":{"line":28,"column":47}},"8":{"start":{"line":30,"column":4},"end":{"line":30,"column":37}},"9":{"start":{"line":35,"column":0},"end":{"line":58,"column":3}},"10":{"start":{"line":36,"column":19},"end":{"line":36,"column":57}},"11":{"start":{"line":38,"column":2},"end":{"line":40,"column":3}},"12":{"start":{"line":39,"column":4},"end":{"line":39,"column":55}},"13":{"start":{"line":42,"column":2},"end":{"line":44,"column":3}},"14":{"start":{"line":43,"column":4},"end":{"line":43,"column":73}},"15":{"start":{"line":46,"column":2},"end":{"line":57,"column":3}},"16":{"start":{"line":47,"column":28},"end":{"line":53,"column":5}},"17":{"start":{"line":54,"column":4},"end":{"line":54,"column":49}},"18":{"start":{"line":56,"column":4},"end":{"line":56,"column":37}},"19":{"start":{"line":61,"column":0},"end":{"line":74,"column":3}},"20":{"start":{"line":62,"column":19},"end":{"line":62,"column":57}},"21":{"start":{"line":64,"column":2},"end":{"line":66,"column":3}},"22":{"start":{"line":65,"column":4},"end":{"line":65,"column":55}},"23":{"start":{"line":68,"column":2},"end":{"line":73,"column":3}},"24":{"start":{"line":69,"column":4},"end":{"line":69,"column":52}},"25":{"start":{"line":70,"column":4},"end":{"line":70,"column":64}},"26":{"start":{"line":72,"column":4},"end":{"line":72,"column":37}},"27":{"start":{"line":77,"column":0},"end":{"line":90,"column":3}},"28":{"start":{"line":78,"column":2},"end":{"line":89,"column":3}},"29":{"start":{"line":79,"column":21},"end":{"line":79,"column":59}},"30":{"start":{"line":81,"column":4},"end":{"line":83,"column":5}},"31":{"start":{"line":82,"column":6},"end":{"line":82,"column":57}},"32":{"start":{"line":85,"column":36},"end":{"line":85,"column":49}},"33":{"start":{"line":86,"column":4},"end":{"line":86,"column":40}},"34":{"start":{"line":88,"column":4},"end":{"line":88,"column":37}},"35":{"start":{"line":93,"column":0},"end":{"line":103,"column":3}},"36":{"start":{"line":94,"column":16},"end":{"line":94,"column":29}},"37":{"start":{"line":95,"column":2},"end":{"line":102,"column":3}},"38":{"start":{"line":96,"column":22},"end":{"line":98,"column":29}},"39":{"start":{"line":99,"column":4},"end":{"line":99,"column":43}},"40":{"start":{"line":101,"column":4},"end":{"line":101,"column":37}},"41":{"start":{"line":105,"column":0},"end":{"line":105,"column":24}}},"fnMap":{"0":{"name":"(anonymous_0)","decl":{"start":{"line":12,"column":33},"end":{"line":12,"column":34}},"loc":{"start":{"line":12,"column":53},"end":{"line":32,"column":1}},"line":12},"1":{"name":"(anonymous_1)","decl":{"start":{"line":35,"column":32},"end":{"line":35,"column":33}},"loc":{"start":{"line":35,"column":52},"end":{"line":58,"column":1}},"line":35},"2":{"name":"(anonymous_2)","decl":{"start":{"line":61,"column":35},"end":{"line":61,"column":36}},"loc":{"start":{"line":61,"column":55},"end":{"line":74,"column":1}},"line":61},"3":{"name":"(anonymous_3)","decl":{"start":{"line":77,"column":37},"end":{"line":77,"column":38}},"loc":{"start":{"line":77,"column":57},"end":{"line":90,"column":1}},"line":77},"4":{"name":"(anonymous_4)","decl":{"start":{"line":93,"column":29},"end":{"line":93,"column":30}},"loc":{"start":{"line":93,"column":49},"end":{"line":103,"column":1}},"line":93}},"branchMap":{"0":{"loc":{"start":{"line":38,"column":2},"end":{"line":40,"column":3}},"type":"if","locations":[{"start":{"line":38,"column":2},"end":{"line":40,"column":3}},{"start":{},"end":{}}],"line":38},"1":{"loc":{"start":{"line":42,"column":2},"end":{"line":44,"column":3}},"type":"if","locations":[{"start":{"line":42,"column":2},"end":{"line":44,"column":3}},{"start":{},"end":{}}],"line":42},"2":{"loc":{"start":{"line":64,"column":2},"end":{"line":66,"column":3}},"type":"if","locations":[{"start":{"line":64,"column":2},"end":{"line":66,"column":3}},{"start":{},"end":{}}],"line":64},"3":{"loc":{"start":{"line":81,"column":4},"end":{"line":83,"column":5}},"type":"if","locations":[{"start":{"line":81,"column":4},"end":{"line":83,"column":5}},{"start":{},"end":{}}],"line":81},"4":{"loc":{"start":{"line":96,"column":22},"end":{"line":98,"column":29}},"type":"cond-expr","locations":[{"start":{"line":97,"column":8},"end":{"line":97,"column":56}},{"start":{"line":98,"column":8},"end":{"line":98,"column":29}}],"line":96}},"s":{"0":3,"1":3,"2":3,"3":3,"4":1,"5":1,"6":1,"7":1,"8":0,"9":3,"10":1,"11":1,"12":0,"13":1,"14":0,"15":1,"16":1,"17":1,"18":0,"19":3,"20":2,"21":2,"22":1,"23":1,"24":1,"25":1,"26":0,"27":3,"28":1,"29":1,"30":1,"31":0,"32":1,"33":1,"34":0,"35":3,"36":1,"37":1,"38":1,"39":1,"40":0,"41":3},"f":{"0":1,"1":1,"2":2,"3":1,"4":1},"b":{"0":[0,1],"1":[0,1],"2":[1,1],"3":[0,1],"4":[0,1]},"_coverageSchema":"1a1c01bbd47fc00a2c39e90264f33305004495a9","hash":"b786001620c92be903c3bc4a0289ab8a30a83ff2"}
,"/home/abie/Downloads/Question/testing/testing-api/routes/index.js": {"path":"/home/abie/Downloads/Question/testing/testing-api/routes/index.js","statementMap":{"0":{"start":{"line":1,"column":14},"end":{"line":1,"column":32}},"1":{"start":{"line":2,"column":13},"end":{"line":2,"column":29}},"2":{"start":{"line":5,"column":0},"end":{"line":7,"column":3}},"3":{"start":{"line":6,"column":2},"end":{"line":6,"column":44}},"4":{"start":{"line":9,"column":0},"end":{"line":9,"column":24}}},"fnMap":{"0":{"name":"(anonymous_0)","decl":{"start":{"line":5,"column":16},"end":{"line":5,"column":17}},"loc":{"start":{"line":5,"column":41},"end":{"line":7,"column":1}},"line":5}},"branchMap":{},"s":{"0":3,"1":3,"2":3,"3":0,"4":3},"f":{"0":0},"b":{},"_coverageSchema":"1a1c01bbd47fc00a2c39e90264f33305004495a9","hash":"845834cf536f97fed072f38899457ec090ac715c"}
,"/home/abie/Downloads/Question/testing/testing-api/routes/users.js": {"path":"/home/abie/Downloads/Question/testing/testing-api/routes/users.js","statementMap":{"0":{"start":{"line":1,"column":13},"end":{"line":1,"column":38}},"1":{"start":{"line":6,"column":4},"end":{"line":6,"column":28}},"2":{"start":{"line":8,"column":15},"end":{"line":8,"column":42}},"3":{"start":{"line":11,"column":0},"end":{"line":37,"column":3}},"4":{"start":{"line":12,"column":2},"end":{"line":17,"column":3}},"5":{"start":{"line":13,"column":4},"end":{"line":16,"column":17}},"6":{"start":{"line":19,"column":15},"end":{"line":19,"column":49}},"7":{"start":{"line":21,"column":2},"end":{"line":23,"column":3}},"8":{"start":{"line":22,"column":4},"end":{"line":22,"column":51}},"9":{"start":{"line":25,"column":2},"end":{"line":36,"column":3}},"10":{"start":{"line":26,"column":24},"end":{"line":32,"column":5}},"11":{"start":{"line":33,"column":4},"end":{"line":33,"column":45}},"12":{"start":{"line":35,"column":4},"end":{"line":35,"column":37}},"13":{"start":{"line":40,"column":0},"end":{"line":53,"column":3}},"14":{"start":{"line":41,"column":15},"end":{"line":41,"column":49}},"15":{"start":{"line":43,"column":2},"end":{"line":45,"column":3}},"16":{"start":{"line":44,"column":4},"end":{"line":44,"column":51}},"17":{"start":{"line":47,"column":2},"end":{"line":52,"column":3}},"18":{"start":{"line":48,"column":4},"end":{"line":48,"column":48}},"19":{"start":{"line":49,"column":4},"end":{"line":49,"column":60}},"20":{"start":{"line":51,"column":4},"end":{"line":51,"column":37}},"21":{"start":{"line":56,"column":0},"end":{"line":69,"column":3}},"22":{"start":{"line":57,"column":2},"end":{"line":68,"column":3}},"23":{"start":{"line":58,"column":17},"end":{"line":58,"column":51}},"24":{"start":{"line":60,"column":4},"end":{"line":62,"column":5}},"25":{"start":{"line":61,"column":6},"end":{"line":61,"column":53}},"26":{"start":{"line":64,"column":36},"end":{"line":64,"column":45}},"27":{"start":{"line":65,"column":4},"end":{"line":65,"column":40}},"28":{"start":{"line":67,"column":4},"end":{"line":67,"column":37}},"29":{"start":{"line":72,"column":0},"end":{"line":82,"column":3}},"30":{"start":{"line":73,"column":16},"end":{"line":73,"column":29}},"31":{"start":{"line":74,"column":2},"end":{"line":81,"column":3}},"32":{"start":{"line":75,"column":18},"end":{"line":77,"column":25}},"33":{"start":{"line":78,"column":4},"end":{"line":78,"column":39}},"34":{"start":{"line":80,"column":4},"end":{"line":80,"column":37}},"35":{"start":{"line":84,"column":0},"end":{"line":84,"column":24}}},"fnMap":{"0":{"name":"(anonymous_0)","decl":{"start":{"line":11,"column":48},"end":{"line":11,"column":49}},"loc":{"start":{"line":11,"column":68},"end":{"line":37,"column":1}},"line":11},"1":{"name":"(anonymous_1)","decl":{"start":{"line":40,"column":51},"end":{"line":40,"column":52}},"loc":{"start":{"line":40,"column":71},"end":{"line":53,"column":1}},"line":40},"2":{"name":"(anonymous_2)","decl":{"start":{"line":56,"column":45},"end":{"line":56,"column":46}},"loc":{"start":{"line":56,"column":65},"end":{"line":69,"column":1}},"line":56},"3":{"name":"(anonymous_3)","decl":{"start":{"line":72,"column":37},"end":{"line":72,"column":38}},"loc":{"start":{"line":72,"column":57},"end":{"line":82,"column":1}},"line":72}},"branchMap":{"0":{"loc":{"start":{"line":12,"column":2},"end":{"line":17,"column":3}},"type":"if","locations":[{"start":{"line":12,"column":2},"end":{"line":17,"column":3}},{"start":{},"end":{}}],"line":12},"1":{"loc":{"start":{"line":21,"column":2},"end":{"line":23,"column":3}},"type":"if","locations":[{"start":{"line":21,"column":2},"end":{"line":23,"column":3}},{"start":{},"end":{}}],"line":21},"2":{"loc":{"start":{"line":43,"column":2},"end":{"line":45,"column":3}},"type":"if","locations":[{"start":{"line":43,"column":2},"end":{"line":45,"column":3}},{"start":{},"end":{}}],"line":43},"3":{"loc":{"start":{"line":60,"column":4},"end":{"line":62,"column":5}},"type":"if","locations":[{"start":{"line":60,"column":4},"end":{"line":62,"column":5}},{"start":{},"end":{}}],"line":60},"4":{"loc":{"start":{"line":75,"column":18},"end":{"line":77,"column":25}},"type":"cond-expr","locations":[{"start":{"line":76,"column":8},"end":{"line":76,"column":52}},{"start":{"line":77,"column":8},"end":{"line":77,"column":25}}],"line":75}},"s":{"0":3,"1":3,"2":3,"3":3,"4":1,"5":0,"6":1,"7":1,"8":0,"9":1,"10":1,"11":1,"12":0,"13":3,"14":2,"15":2,"16":1,"17":1,"18":1,"19":1,"20":0,"21":3,"22":1,"23":1,"24":1,"25":0,"26":1,"27":1,"28":0,"29":3,"30":1,"31":1,"32":1,"33":1,"34":0,"35":3},"f":{"0":1,"1":2,"2":1,"3":1},"b":{"0":[0,1],"1":[0,1],"2":[1,1],"3":[0,1],"4":[0,1]},"_coverageSchema":"1a1c01bbd47fc00a2c39e90264f33305004495a9","hash":"b4826e1132c8e57a2375b86faed0485a1bc9c4b8"}
,"/home/abie/Downloads/Question/testing/testing-api/routes/verifyToken.js": {"path":"/home/abie/Downloads/Question/testing/testing-api/routes/verifyToken.js","statementMap":{"0":{"start":{"line":1,"column":12},"end":{"line":1,"column":35}},"1":{"start":{"line":3,"column":20},"end":{"line":15,"column":1}},"2":{"start":{"line":4,"column":21},"end":{"line":4,"column":38}},"3":{"start":{"line":5,"column":2},"end":{"line":14,"column":3}},"4":{"start":{"line":6,"column":18},"end":{"line":6,"column":42}},"5":{"start":{"line":7,"column":4},"end":{"line":11,"column":7}},"6":{"start":{"line":8,"column":6},"end":{"line":8,"column":66}},"7":{"start":{"line":8,"column":15},"end":{"line":8,"column":66}},"8":{"start":{"line":9,"column":6},"end":{"line":9,"column":22}},"9":{"start":{"line":10,"column":6},"end":{"line":10,"column":13}},"10":{"start":{"line":13,"column":4},"end":{"line":13,"column":62}},"11":{"start":{"line":17,"column":36},"end":{"line":25,"column":1}},"12":{"start":{"line":18,"column":2},"end":{"line":24,"column":5}},"13":{"start":{"line":19,"column":4},"end":{"line":23,"column":5}},"14":{"start":{"line":20,"column":6},"end":{"line":20,"column":13}},"15":{"start":{"line":22,"column":6},"end":{"line":22,"column":69}},"16":{"start":{"line":27,"column":28},"end":{"line":35,"column":1}},"17":{"start":{"line":28,"column":2},"end":{"line":34,"column":5}},"18":{"start":{"line":29,"column":4},"end":{"line":33,"column":5}},"19":{"start":{"line":30,"column":6},"end":{"line":30,"column":13}},"20":{"start":{"line":32,"column":6},"end":{"line":32,"column":69}},"21":{"start":{"line":37,"column":0},"end":{"line":41,"column":2}}},"fnMap":{"0":{"name":"(anonymous_0)","decl":{"start":{"line":3,"column":20},"end":{"line":3,"column":21}},"loc":{"start":{"line":3,"column":40},"end":{"line":15,"column":1}},"line":3},"1":{"name":"(anonymous_1)","decl":{"start":{"line":7,"column":43},"end":{"line":7,"column":44}},"loc":{"start":{"line":7,"column":58},"end":{"line":11,"column":5}},"line":7},"2":{"name":"(anonymous_2)","decl":{"start":{"line":17,"column":36},"end":{"line":17,"column":37}},"loc":{"start":{"line":17,"column":56},"end":{"line":25,"column":1}},"line":17},"3":{"name":"(anonymous_3)","decl":{"start":{"line":18,"column":24},"end":{"line":18,"column":25}},"loc":{"start":{"line":18,"column":30},"end":{"line":24,"column":3}},"line":18},"4":{"name":"(anonymous_4)","decl":{"start":{"line":27,"column":28},"end":{"line":27,"column":29}},"loc":{"start":{"line":27,"column":48},"end":{"line":35,"column":1}},"line":27},"5":{"name":"(anonymous_5)","decl":{"start":{"line":28,"column":24},"end":{"line":28,"column":25}},"loc":{"start":{"line":28,"column":30},"end":{"line":34,"column":3}},"line":28}},"branchMap":{"0":{"loc":{"start":{"line":5,"column":2},"end":{"line":14,"column":3}},"type":"if","locations":[{"start":{"line":5,"column":2},"end":{"line":14,"column":3}},{"start":{"line":12,"column":9},"end":{"line":14,"column":3}}],"line":5},"1":{"loc":{"start":{"line":8,"column":6},"end":{"line":8,"column":66}},"type":"if","locations":[{"start":{"line":8,"column":6},"end":{"line":8,"column":66}},{"start":{},"end":{}}],"line":8},"2":{"loc":{"start":{"line":19,"column":4},"end":{"line":23,"column":5}},"type":"if","locations":[{"start":{"line":19,"column":4},"end":{"line":23,"column":5}},{"start":{"line":21,"column":11},"end":{"line":23,"column":5}}],"line":19},"3":{"loc":{"start":{"line":19,"column":8},"end":{"line":19,"column":57}},"type":"binary-expr","locations":[{"start":{"line":19,"column":8},"end":{"line":19,"column":37}},{"start":{"line":19,"column":41},"end":{"line":19,"column":57}}],"line":19},"4":{"loc":{"start":{"line":29,"column":4},"end":{"line":33,"column":5}},"type":"if","locations":[{"start":{"line":29,"column":4},"end":{"line":33,"column":5}},{"start":{"line":31,"column":11},"end":{"line":33,"column":5}}],"line":29}},"s":{"0":3,"1":3,"2":18,"3":18,"4":18,"5":18,"6":18,"7":4,"8":14,"9":14,"10":0,"11":3,"12":4,"13":4,"14":3,"15":1,"16":3,"17":4,"18":4,"19":2,"20":2,"21":3},"f":{"0":18,"1":18,"2":4,"3":4,"4":4,"5":4},"b":{"0":[18,0],"1":[4,14],"2":[3,1],"3":[4,1],"4":[2,2]},"_coverageSchema":"1a1c01bbd47fc00a2c39e90264f33305004495a9","hash":"cc8864bf95a1f9c3cbd4af9f004e2618b7c87202"}
}
