TN:
SF:app.js
FN:31,(anonymous_0)
FN:32,(anonymous_1)
FN:68,(anonymous_2)
FN:73,(anonymous_3)
FN:87,(anonymous_4)
FNF:5
FNH:1
FNDA:3,(anonymous_0)
FNDA:0,(anonymous_1)
FNDA:0,(anonymous_2)
FNDA:0,(anonymous_3)
FNDA:0,(anonymous_4)
DA:1,3
DA:2,3
DA:3,3
DA:4,3
DA:5,3
DA:6,3
DA:7,3
DA:9,3
DA:10,3
DA:11,3
DA:12,3
DA:15,3
DA:19,3
DA:22,3
DA:23,3
DA:26,3
DA:31,3
DA:33,0
DA:37,3
DA:38,3
DA:40,3
DA:41,3
DA:59,3
DA:60,3
DA:62,3
DA:63,3
DA:64,3
DA:65,3
DA:68,3
DA:69,0
DA:73,3
DA:75,0
DA:76,0
DA:79,0
DA:80,0
DA:83,3
DA:84,3
DA:86,3
DA:87,0
DA:88,0
DA:92,3
LF:41
LH:33
BRDA:76,0,0,0
BRDA:76,0,1,0
BRDA:79,1,0,0
BRDA:79,1,1,0
BRDA:84,2,0,3
BRDA:84,2,1,0
BRDA:86,3,0,0
BRDA:86,3,1,3
BRF:8
BRH:2
end_of_record
TN:
SF:models/Customer.js
FNF:0
FNH:0
DA:1,3
DA:3,3
DA:56,3
LF:3
LH:3
BRF:0
BRH:0
end_of_record
TN:
SF:models/User.js
FNF:0
FNH:0
DA:1,3
DA:3,3
DA:49,3
LF:3
LH:3
BRF:0
BRH:0
end_of_record
TN:
SF:routes/auth.js
FN:7,(anonymous_0)
FN:36,(anonymous_1)
FNF:2
FNH:2
FNDA:3,(anonymous_0)
FNDA:5,(anonymous_1)
DA:1,3
DA:2,3
DA:3,3
DA:4,3
DA:7,3
DA:8,3
DA:9,0
DA:12,3
DA:26,3
DA:27,3
DA:28,2
DA:30,1
DA:36,3
DA:37,5
DA:38,5
DA:40,5
DA:41,0
DA:44,5
DA:48,5
DA:50,5
DA:51,1
DA:54,4
DA:63,4
DA:65,4
DA:67,0
DA:71,3
LF:26
LH:23
BRDA:8,0,0,0
BRDA:8,0,1,3
BRDA:40,1,0,0
BRDA:40,1,1,5
BRDA:50,2,0,1
BRDA:50,2,1,4
BRF:6
BRH:4
end_of_record
TN:
SF:routes/customers.js
FN:12,(anonymous_0)
FN:35,(anonymous_1)
FN:61,(anonymous_2)
FN:77,(anonymous_3)
FN:93,(anonymous_4)
FNF:5
FNH:5
FNDA:1,(anonymous_0)
FNDA:1,(anonymous_1)
FNDA:2,(anonymous_2)
FNDA:1,(anonymous_3)
FNDA:1,(anonymous_4)
DA:1,3
DA:6,3
DA:8,3
DA:12,3
DA:13,1
DA:26,1
DA:27,1
DA:28,1
DA:30,0
DA:35,3
DA:36,1
DA:38,1
DA:39,0
DA:42,1
DA:43,0
DA:46,1
DA:47,1
DA:54,1
DA:56,0
DA:61,3
DA:62,2
DA:64,2
DA:65,1
DA:68,1
DA:69,1
DA:70,1
DA:72,0
DA:77,3
DA:78,1
DA:79,1
DA:81,1
DA:82,0
DA:85,1
DA:86,1
DA:88,0
DA:93,3
DA:94,1
DA:95,1
DA:96,1
DA:99,1
DA:101,0
DA:105,3
LF:42
LH:34
BRDA:38,0,0,0
BRDA:38,0,1,1
BRDA:42,1,0,0
BRDA:42,1,1,1
BRDA:64,2,0,1
BRDA:64,2,1,1
BRDA:81,3,0,0
BRDA:81,3,1,1
BRDA:96,4,0,0
BRDA:96,4,1,1
BRF:10
BRH:6
end_of_record
TN:
SF:routes/index.js
FN:5,(anonymous_0)
FNF:1
FNH:0
FNDA:0,(anonymous_0)
DA:1,3
DA:2,3
DA:5,3
DA:6,0
DA:9,3
LF:5
LH:4
BRF:0
BRH:0
end_of_record
TN:
SF:routes/users.js
FN:11,(anonymous_0)
FN:40,(anonymous_1)
FN:56,(anonymous_2)
FN:72,(anonymous_3)
FNF:4
FNH:4
FNDA:1,(anonymous_0)
FNDA:2,(anonymous_1)
FNDA:1,(anonymous_2)
FNDA:1,(anonymous_3)
DA:1,3
DA:6,3
DA:8,3
DA:11,3
DA:12,1
DA:13,0
DA:19,1
DA:21,1
DA:22,0
DA:25,1
DA:26,1
DA:33,1
DA:35,0
DA:40,3
DA:41,2
DA:43,2
DA:44,1
DA:47,1
DA:48,1
DA:49,1
DA:51,0
DA:56,3
DA:57,1
DA:58,1
DA:60,1
DA:61,0
DA:64,1
DA:65,1
DA:67,0
DA:72,3
DA:73,1
DA:74,1
DA:75,1
DA:78,1
DA:80,0
DA:84,3
LF:36
LH:29
BRDA:12,0,0,0
BRDA:12,0,1,1
BRDA:21,1,0,0
BRDA:21,1,1,1
BRDA:43,2,0,1
BRDA:43,2,1,1
BRDA:60,3,0,0
BRDA:60,3,1,1
BRDA:75,4,0,0
BRDA:75,4,1,1
BRF:10
BRH:6
end_of_record
TN:
SF:routes/verifyToken.js
FN:3,(anonymous_0)
FN:7,(anonymous_1)
FN:17,(anonymous_2)
FN:18,(anonymous_3)
FN:27,(anonymous_4)
FN:28,(anonymous_5)
FNF:6
FNH:6
FNDA:18,(anonymous_0)
FNDA:18,(anonymous_1)
FNDA:4,(anonymous_2)
FNDA:4,(anonymous_3)
FNDA:4,(anonymous_4)
FNDA:4,(anonymous_5)
DA:1,3
DA:3,3
DA:4,18
DA:5,18
DA:6,18
DA:7,18
DA:8,18
DA:9,14
DA:10,14
DA:13,0
DA:17,3
DA:18,4
DA:19,4
DA:20,3
DA:22,1
DA:27,3
DA:28,4
DA:29,4
DA:30,2
DA:32,2
DA:37,3
LF:21
LH:20
BRDA:5,0,0,18
BRDA:5,0,1,0
BRDA:8,1,0,4
BRDA:8,1,1,14
BRDA:19,2,0,3
BRDA:19,2,1,1
BRDA:19,3,0,4
BRDA:19,3,1,1
BRDA:29,4,0,2
BRDA:29,4,1,2
BRF:10
BRH:9
end_of_record
